Arguments: 
  C:\Program Files\nodejs\node.exe C:\Users\garre\AppData\Roaming\npm\node_modules\yarn\bin\yarn.js

PATH: 
  C:\Windows\system32;C:\Windows;C:\Windows\System32\Wbem;C:\Windows\System32\WindowsPowerShell\v1.0\;C:\Windows\System32\OpenSSH\;C:\Program Files (x86)\NVIDIA Corporation\PhysX\Common;C:\Program Files\NVIDIA Corporation\NVIDIA NvDLISR;C:\Program Files\dotnet\;C:\Program Files\Git\cmd;C:\Program Files\nodejs\;C:\Program Files\Perforce\;C:\Ruby30-x64\bin;C:\Users\garre\AppData\Local\Microsoft\WindowsApps;C:\Users\garre\AppData\Local\GitHubDesktop\bin;C:\Users\garre\AppData\Local\Programs\Microsoft VS Code\bin;C:\Users\garre\AppData\Roaming\npm

Yarn version: 
  1.22.11

Node version: 
  16.13.0

Platform: 
  win32 x64

Trace: 
  SyntaxError: C:\Users\garre\OneDrive\Documents\GitHub\accounts\package.json: Unexpected token } in JSON at position 1220
      at JSON.parse (<anonymous>)
      at C:\Users\garre\AppData\Roaming\npm\node_modules\yarn\lib\cli.js:1625:59
      at Generator.next (<anonymous>)
      at step (C:\Users\garre\AppData\Roaming\npm\node_modules\yarn\lib\cli.js:310:30)
      at C:\Users\garre\AppData\Roaming\npm\node_modules\yarn\lib\cli.js:321:13

npm manifest: 
  {
    "name": "accounts",
    "version": "0.0.1",
    "description": "FOSS account management system for the Brains@Play ecosystem",
    "main": "dist/accounts.js",
    "scripts": {
      "start": "node server.js",
      "build": "snowpack build",
      "webpack": "webpack --mode production",
      "typecheck": "tsc --watch --preserveWatchOutput",
      "test": "echo \"Error: no test specified\" && exit 1",
      "build:docs": "cd website && yarn && yarn build",
      "build:typedoc": "typedoc",
      "serve:docs": "cd website && yarn && yarn run serve",
      "start:docs": "cd website && yarn && yarn run start",
  
      "run-ts": "node --trace-warnings -r esbuild-register build.config.ts"
    },
    "repository": {
      "type": "git",
      "url": "git+https://github.com/brainsatplay/DataStreams-API.git"
    },
    "author": "Garrett Flynn",
    "license": "AGPL-3.0-or-later",
    "bugs": {
      "url": "https://github.com/brainsatplay/DataStreams-API/issues"
    },
    "homepage": "https://github.com/brainsatplay/DataStreams-API#readme",
    "devDependencies": {
      "build-dev": "^0.0.3",
      "esbuild-register": "^3.3.1",
      "typescript": "^4.5.4"
    },
    "dependencies": {
      "body-parser": "^1.19.0",
      "cors": "^2.8.5",
      "express": "^4.17.1",
    }
  }

yarn manifest: 
  No manifest

Lockfile: 
  No lockfile
